Using pre-set license
Built from '2020.3/staging' branch; Version is '2020.3.26f1 (7298b473bc1a) revision 7510196'; Using compiler version '192528614'; Build Type 'Release'
OS: 'Windows 10  (10.0.19042) 64bit Core' Language: 'en' Physical Memory: 16061 MB
BatchMode: 1, IsHumanControllingUs: 0, StartBugReporterOnCrash: 0, Is64bit: 1, IsPro: 0

COMMAND LINE ARGUMENTS:
C:\Program Files\Unity\Hub\Editor\2020.3.26f1\Editor\Unity.exe
-adb2
-batchMode
-noUpm
-name
AssetImportWorker0
-projectPath
C:/Users/pickl/Desktop/D drive/professional and academics/School/SIM 150/lighting project
-logFile
Logs/AssetImportWorker0.log
-srvPort
62689
Successfully changed project path to: C:/Users/pickl/Desktop/D drive/professional and academics/School/SIM 150/lighting project
C:/Users/pickl/Desktop/D drive/professional and academics/School/SIM 150/lighting project
Using Asset Import Pipeline V2.
Refreshing native plugins compatible for Editor in 23.28 ms, found 2 plugins.
Preloading 0 native plugins for Editor in 0.00 ms.
Initialize engine version: 2020.3.26f1 (7298b473bc1a)
[Subsystems] Discovering subsystems at path C:/Program Files/Unity/Hub/Editor/2020.3.26f1/Editor/Data/Resources/UnitySubsystems
[Subsystems] Discovering subsystems at path C:/Users/pickl/Desktop/D drive/professional and academics/School/SIM 150/lighting project/Assets
GfxDevice: creating device client; threaded=0
Direct3D:
    Version:  Direct3D 11.0 [level 11.1]
    Renderer: NVIDIA GeForce RTX 3060 Laptop GPU (ID=0x2520)
    Vendor:   
    VRAM:     6023 MB
    Driver:   30.0.15.1179
Initialize mono
Mono path[0] = 'C:/Program Files/Unity/Hub/Editor/2020.3.26f1/Editor/Data/Managed'
Mono path[1] = 'C:/Program Files/Unity/Hub/Editor/2020.3.26f1/Editor/Data/MonoBleedingEdge/lib/mono/unityjit'
Mono config path = 'C:/Program Files/Unity/Hub/Editor/2020.3.26f1/Editor/Data/MonoBleedingEdge/etc'
Using monoOptions --debugger-agent=transport=dt_socket,embedding=1,server=y,suspend=n,address=127.0.0.1:56040
Begin MonoManager ReloadAssembly
Registering precompiled unity dll's ...
Register platform support module: C:/Program Files/Unity/Hub/Editor/2020.3.26f1/Editor/Data/PlaybackEngines/WebGLSupport/UnityEditor.WebGL.Extensions.dll
Register platform support module: C:/Program Files/Unity/Hub/Editor/2020.3.26f1/Editor/Data/PlaybackEngines/WindowsStandaloneSupport/UnityEditor.WindowsStandalone.Extensions.dll
Registered in 0.001420 seconds.
Native extension for WindowsStandalone target not found
Native extension for WebGL target not found
Refreshing native plugins compatible for Editor in 21.00 ms, found 2 plugins.
Preloading 0 native plugins for Editor in 0.00 ms.
Mono: successfully reloaded assembly
- Completed reload, in  0.353 seconds
Domain Reload Profiling:
	ReloadAssembly (354ms)
		BeginReloadAssembly (33ms)
			ExecutionOrderSort (0ms)
			DisableScriptedObjects (0ms)
			BackupInstance (0ms)
			ReleaseScriptingObjects (0ms)
			CreateAndSetChildDomain (1ms)
		EndReloadAssembly (274ms)
			LoadAssemblies (32ms)
			RebuildTransferFunctionScriptingTraits (0ms)
			SetupTypeCache (91ms)
			ReleaseScriptCaches (0ms)
			RebuildScriptCaches (19ms)
			SetupLoadedEditorAssemblies (104ms)
				LogAssemblyErrors (0ms)
				InitializePlatformSupportModulesInManaged (4ms)
				SetLoadedEditorAssemblies (0ms)
				RefreshPlugins (21ms)
				BeforeProcessingInitializeOnLoad (10ms)
				ProcessInitializeOnLoadAttributes (51ms)
				ProcessInitializeOnLoadMethodAttributes (17ms)
				AfterProcessingInitializeOnLoad (0ms)
				EditorAssembliesLoaded (0ms)
			ExecutionOrderSort2 (0ms)
			AwakeInstancesAfterBackupRestoration (0ms)
Platform modules already initialized, skipping
Registering precompiled user dll's ...
Registered in 0.002645 seconds.
Begin MonoManager ReloadAssembly
Native extension for WindowsStandalone target not found
Native extension for WebGL target not found
Refreshing native plugins compatible for Editor in 0.30 ms, found 2 plugins.
Preloading 0 native plugins for Editor in 0.00 ms.
Mono: successfully reloaded assembly
- Completed reload, in  0.617 seconds
Domain Reload Profiling:
	ReloadAssembly (617ms)
		BeginReloadAssembly (90ms)
			ExecutionOrderSort (0ms)
			DisableScriptedObjects (3ms)
			BackupInstance (0ms)
			ReleaseScriptingObjects (0ms)
			CreateAndSetChildDomain (15ms)
		EndReloadAssembly (488ms)
			LoadAssemblies (54ms)
			RebuildTransferFunctionScriptingTraits (0ms)
			SetupTypeCache (172ms)
			ReleaseScriptCaches (0ms)
			RebuildScriptCaches (25ms)
			SetupLoadedEditorAssemblies (183ms)
				LogAssemblyErrors (0ms)
				InitializePlatformSupportModulesInManaged (4ms)
				SetLoadedEditorAssemblies (0ms)
				RefreshPlugins (0ms)
				BeforeProcessingInitializeOnLoad (50ms)
				ProcessInitializeOnLoadAttributes (120ms)
				ProcessInitializeOnLoadMethodAttributes (5ms)
				AfterProcessingInitializeOnLoad (4ms)
				EditorAssembliesLoaded (0ms)
			ExecutionOrderSort2 (0ms)
			AwakeInstancesAfterBackupRestoration (4ms)
Platform modules already initialized, skipping
========================================================================
Worker process is ready to serve import requests
Launched and connected shader compiler UnityShaderCompiler.exe after 0.03 seconds
Refreshing native plugins compatible for Editor in 0.30 ms, found 2 plugins.
Preloading 0 native plugins for Editor in 0.00 ms.
Unloading 1503 Unused Serialized files (Serialized files now loaded: 0)
System memory in use before: 68.0 MB.
System memory in use after: 68.1 MB.

Unloading 19 unused Assets to reduce memory usage. Loaded Objects now: 1935.
Total: 2.049200 ms (FindLiveObjects: 0.102200 ms CreateObjectMapping: 0.026700 ms MarkObjects: 1.869100 ms  DeleteObjects: 0.050600 ms)

AssetImportParameters requested are different than current active one (requested -> active):
  custom:framework-win-MediaFoundation: 216162199b28c13a410421893ffa2e32 -> 
  custom:video-decoder-ogg-theora: a1e56fd34408186e4bbccfd4996cb3dc -> 
  custom:container-muxer-webm: aa71ff27fc2769a1b78a27578f13a17b -> 
  custom:container-demuxer-webm: 4f35f7cbe854078d1ac9338744f61a02 -> 
  custom:container-demuxer-ogg: 62fdf1f143b41e24485cea50d1cbac27 -> 
  custom:video-encoder-webm-vp8: eb34c28f22e8b96e1ab97ce403110664 -> 
  custom:video-codec-MediaFoundation-h265: 746d11721c4dcdbdad8f713fa42b33f4 -> 
  custom:video-decoder-webm-vp8: 9c59270c3fd7afecdb556c50c9e8de78 -> 
  custom:audio-decoder-ogg-vorbis: bf7c407c2cedff20999df2af8eb42d56 -> 
  custom:audio-encoder-webm-vorbis: bf7c407c2cedff20999df2af8eb42d56 -> 
========================================================================
Received Import Request.
  path: Assets
  artifactKey: Guid(00000000000000001000000000000000) Importer(815301076,1909f56bfc062723c751e8b465ee728b)
Start importing Assets using Guid(00000000000000001000000000000000) Importer(815301076,1909f56bfc062723c751e8b465ee728b)  -> (artifact id: '42d402b061de3733987d63b9cc3b64de') in 0.006966 seconds 
  Import took 0.008841 seconds .

========================================================================
Received Import Request.
  Time since last request: 4.612776 seconds.
  path: Assets/Models
  artifactKey: Guid(bfbedf2028d4eae4a8533acc733db677) Importer(815301076,1909f56bfc062723c751e8b465ee728b)
Start importing Assets/Models using Guid(bfbedf2028d4eae4a8533acc733db677) Importer(815301076,1909f56bfc062723c751e8b465ee728b)  -> (artifact id: '95ef82bd5396ceb3954dd2e2f5ee5a27') in 0.004884 seconds 
  Import took 0.006983 seconds .

========================================================================
Received Import Request.
  Time since last request: 101.995284 seconds.
  path: Assets/Materials
  artifactKey: Guid(6e22d829353b4b74aa5ffd3a92c045f8) Importer(815301076,1909f56bfc062723c751e8b465ee728b)
Start importing Assets/Materials using Guid(6e22d829353b4b74aa5ffd3a92c045f8) Importer(815301076,1909f56bfc062723c751e8b465ee728b)  -> (artifact id: 'bd95fb5b4619e592bdd99ec62c1f35aa') in 0.005798 seconds 
  Import took 0.007759 seconds .

========================================================================
Received Import Request.
  Time since last request: 9.033906 seconds.
  path: Assets/Materials/room.mat
  artifactKey: Guid(9b22f0d8bc38d664fa46c03c6ba3cb3c) Importer(815301076,1909f56bfc062723c751e8b465ee728b)
Start importing Assets/Materials/room.mat using Guid(9b22f0d8bc38d664fa46c03c6ba3cb3c) Importer(815301076,1909f56bfc062723c751e8b465ee728b)  -> (artifact id: '33e250d41db38b61b5dbdedeaa373060') in 0.078152 seconds 
  Import took 0.080342 seconds .

========================================================================
Received Import Request.
  Time since last request: 396.194490 seconds.
  path: Assets/Models/darknut.fbx
  artifactKey: Guid(40d51b9971f510247a0c0da2ff2d7b67) Importer(815301076,1909f56bfc062723c751e8b465ee728b)
Start importing Assets/Models/darknut.fbx using Guid(40d51b9971f510247a0c0da2ff2d7b67) Importer(815301076,1909f56bfc062723c751e8b465ee728b)  -> (artifact id: '8e956783a954a2314f3fb88b7f880c05') in 0.044954 seconds 
  Import took 0.047783 seconds .

========================================================================
Received Import Request.
  Time since last request: 64.044314 seconds.
  path: Assets/Models/room.fbx
  artifactKey: Guid(64743d241ffb90644b2992f8c0e5ce5f) Importer(815301076,1909f56bfc062723c751e8b465ee728b)
Start importing Assets/Models/room.fbx using Guid(64743d241ffb90644b2992f8c0e5ce5f) Importer(815301076,1909f56bfc062723c751e8b465ee728b)  -> (artifact id: '921eae64e9763de2114b8a9a313a9ef7') in 0.018645 seconds 
  Import took 0.020988 seconds .

========================================================================
Received Prepare
Registering precompiled user dll's ...
Registered in 0.003626 seconds.
Begin MonoManager ReloadAssembly
Native extension for WindowsStandalone target not found
Native extension for WebGL target not found
Refreshing native plugins compatible for Editor in 0.37 ms, found 2 plugins.
Preloading 0 native plugins for Editor in 0.00 ms.
Mono: successfully reloaded assembly
- Completed reload, in  0.654 seconds
Domain Reload Profiling:
	ReloadAssembly (654ms)
		BeginReloadAssembly (91ms)
			ExecutionOrderSort (0ms)
			DisableScriptedObjects (3ms)
			BackupInstance (0ms)
			ReleaseScriptingObjects (0ms)
			CreateAndSetChildDomain (31ms)
		EndReloadAssembly (519ms)
			LoadAssemblies (58ms)
			RebuildTransferFunctionScriptingTraits (0ms)
			SetupTypeCache (187ms)
			ReleaseScriptCaches (1ms)
			RebuildScriptCaches (25ms)
			SetupLoadedEditorAssemblies (189ms)
				LogAssemblyErrors (0ms)
				InitializePlatformSupportModulesInManaged (4ms)
				SetLoadedEditorAssemblies (0ms)
				RefreshPlugins (0ms)
				BeforeProcessingInitializeOnLoad (52ms)
				ProcessInitializeOnLoadAttributes (122ms)
				ProcessInitializeOnLoadMethodAttributes (6ms)
				AfterProcessingInitializeOnLoad (4ms)
				EditorAssembliesLoaded (0ms)
			ExecutionOrderSort2 (0ms)
			AwakeInstancesAfterBackupRestoration (4ms)
Platform modules already initialized, skipping
Refreshing native plugins compatible for Editor in 0.33 ms, found 2 plugins.
Preloading 0 native plugins for Editor in 0.00 ms.
Unloading 1497 Unused Serialized files (Serialized files now loaded: 0)
System memory in use before: 71.3 MB.
System memory in use after: 71.4 MB.

Unloading 14 unused Assets to reduce memory usage. Loaded Objects now: 1980.
Total: 2.134500 ms (FindLiveObjects: 0.115100 ms CreateObjectMapping: 0.025200 ms MarkObjects: 1.976100 ms  DeleteObjects: 0.017000 ms)

AssetImportParameters requested are different than current active one (requested -> active):
  custom:framework-win-MediaFoundation: 216162199b28c13a410421893ffa2e32 -> 
  custom:video-decoder-ogg-theora: a1e56fd34408186e4bbccfd4996cb3dc -> 
  custom:container-muxer-webm: aa71ff27fc2769a1b78a27578f13a17b -> 
  custom:container-demuxer-webm: 4f35f7cbe854078d1ac9338744f61a02 -> 
  custom:container-demuxer-ogg: 62fdf1f143b41e24485cea50d1cbac27 -> 
  custom:video-encoder-webm-vp8: eb34c28f22e8b96e1ab97ce403110664 -> 
  custom:video-codec-MediaFoundation-h265: 746d11721c4dcdbdad8f713fa42b33f4 -> 
  custom:video-decoder-webm-vp8: 9c59270c3fd7afecdb556c50c9e8de78 -> 
  custom:audio-decoder-ogg-vorbis: bf7c407c2cedff20999df2af8eb42d56 -> 
  custom:audio-encoder-webm-vorbis: bf7c407c2cedff20999df2af8eb42d56 -> 
========================================================================
Received Import Request.
  Time since last request: 3567.583256 seconds.
  path: Assets/Materials/OrangeLight.mat
  artifactKey: Guid(d4cdedec517cdca4cb9cbd1ebf393552) Importer(815301076,1909f56bfc062723c751e8b465ee728b)
Start importing Assets/Materials/OrangeLight.mat using Guid(d4cdedec517cdca4cb9cbd1ebf393552) Importer(815301076,1909f56bfc062723c751e8b465ee728b)  -> (artifact id: '2b4863569eb406ad242b8fe48e3bbeb1') in 0.050708 seconds 
  Import took 0.053056 seconds .

========================================================================
Received Import Request.
  Time since last request: 503.290196 seconds.
  path: Assets/Models/darknut.fbx
  artifactKey: Guid(40d51b9971f510247a0c0da2ff2d7b67) Importer(815301076,1909f56bfc062723c751e8b465ee728b)
Start importing Assets/Models/darknut.fbx using Guid(40d51b9971f510247a0c0da2ff2d7b67) Importer(815301076,1909f56bfc062723c751e8b465ee728b)  -> (artifact id: '9d6e9a25fd181aa08adcbeafc8da19ae') in 0.034817 seconds 
  Import took 0.037612 seconds .

========================================================================
Received Import Request.
  Time since last request: 240.149301 seconds.
  path: Assets/Materials/OrangeLight.mat
  artifactKey: Guid(d4cdedec517cdca4cb9cbd1ebf393552) Importer(815301076,1909f56bfc062723c751e8b465ee728b)
Start importing Assets/Materials/OrangeLight.mat using Guid(d4cdedec517cdca4cb9cbd1ebf393552) Importer(815301076,1909f56bfc062723c751e8b465ee728b)  -> (artifact id: 'cb50b9fc29aea4bed10645eebcad14e3') in 0.014275 seconds 
  Import took 0.016737 seconds .

========================================================================
Received Import Request.
  Time since last request: 35.366818 seconds.
  path: Assets/Materials/BlueLight.mat
  artifactKey: Guid(d8f46ab9cfaaa01468cd2346355d7fec) Importer(815301076,1909f56bfc062723c751e8b465ee728b)
Start importing Assets/Materials/BlueLight.mat using Guid(d8f46ab9cfaaa01468cd2346355d7fec) Importer(815301076,1909f56bfc062723c751e8b465ee728b)  -> (artifact id: 'dd357bebe57e4126d7af0c5ce45d5790') in 0.012900 seconds 
  Import took 0.015235 seconds .

========================================================================
Received Import Request.
  Time since last request: 190.634771 seconds.
  path: Assets/Materials/BlueLight.mat
  artifactKey: Guid(d8f46ab9cfaaa01468cd2346355d7fec) Importer(815301076,1909f56bfc062723c751e8b465ee728b)
Start importing Assets/Materials/BlueLight.mat using Guid(d8f46ab9cfaaa01468cd2346355d7fec) Importer(815301076,1909f56bfc062723c751e8b465ee728b)  -> (artifact id: '21a0475a994bf355486e7e5506b92925') in 0.010409 seconds 
  Import took 0.013206 seconds .

========================================================================
Received Import Request.
  Time since last request: 344.785980 seconds.
  path: Assets/Scenes/SampleScene/LightingData.asset
  artifactKey: Guid(92ec6979dfedcf94c923c1db02b48dbf) Importer(815301076,1909f56bfc062723c751e8b465ee728b)
Start importing Assets/Scenes/SampleScene/LightingData.asset using Guid(92ec6979dfedcf94c923c1db02b48dbf) Importer(815301076,1909f56bfc062723c751e8b465ee728b)  -> (artifact id: '590adc1698a1b875ab818af5b7595637') in 0.007565 seconds 
  Import took 0.010366 seconds .

========================================================================
Received Import Request.
  Time since last request: 0.000215 seconds.
  path: Assets/Scenes/SampleScene/ReflectionProbe-0.exr
  artifactKey: Guid(4ca4aecd4c3779f40bc9f8637dbe209f) Importer(815301076,1909f56bfc062723c751e8b465ee728b)
Start importing Assets/Scenes/SampleScene/ReflectionProbe-0.exr using Guid(4ca4aecd4c3779f40bc9f8637dbe209f) Importer(815301076,1909f56bfc062723c751e8b465ee728b)  -> (artifact id: '69dc9d2e9272fa102dee1a5a2df5d950') in 0.026766 seconds 
  Import took 0.028905 seconds .

========================================================================
Received Import Request.
  Time since last request: 0.000217 seconds.
  path: Assets/Scenes/SampleScene/Lightmap-0_comp_dir.png
  artifactKey: Guid(10ab4ea05c26e9346b2dffa418235db3) Importer(815301076,1909f56bfc062723c751e8b465ee728b)
Start importing Assets/Scenes/SampleScene/Lightmap-0_comp_dir.png using Guid(10ab4ea05c26e9346b2dffa418235db3) Importer(815301076,1909f56bfc062723c751e8b465ee728b)  -> (artifact id: 'fe1a926519a4210924a1c250e81bb22e') in 0.018979 seconds 
  Import took 0.020995 seconds .

========================================================================
Received Import Request.
  Time since last request: 0.000236 seconds.
  path: Assets/Scenes/SampleScene/Lightmap-1_comp_light.exr
  artifactKey: Guid(8e35fc3705d3218418427e66559d6422) Importer(815301076,1909f56bfc062723c751e8b465ee728b)
Start importing Assets/Scenes/SampleScene/Lightmap-1_comp_light.exr using Guid(8e35fc3705d3218418427e66559d6422) Importer(815301076,1909f56bfc062723c751e8b465ee728b)  -> (artifact id: 'dcd7a613fa3eb0cb1c95693de9cbab68') in 0.021907 seconds 
  Import took 0.024206 seconds .

========================================================================
Received Import Request.
  Time since last request: 0.000141 seconds.
  path: Assets/Scenes/SampleScene/Lightmap-2_comp_light.exr
  artifactKey: Guid(20bc9be684deb3e42a09521f82af9551) Importer(815301076,1909f56bfc062723c751e8b465ee728b)
Start importing Assets/Scenes/SampleScene/Lightmap-2_comp_light.exr using Guid(20bc9be684deb3e42a09521f82af9551) Importer(815301076,1909f56bfc062723c751e8b465ee728b)  -> (artifact id: '42fa1da973e50db0eedb61a9e7ec6108') in 0.012974 seconds 
  Import took 0.015073 seconds .

========================================================================
Received Import Request.
  Time since last request: 0.000211 seconds.
  path: Assets/Scenes/SampleScene/Lightmap-0_comp_light.exr
  artifactKey: Guid(2d526c2309238dc42bb261847680d2c5) Importer(815301076,1909f56bfc062723c751e8b465ee728b)
Start importing Assets/Scenes/SampleScene/Lightmap-0_comp_light.exr using Guid(2d526c2309238dc42bb261847680d2c5) Importer(815301076,1909f56bfc062723c751e8b465ee728b)  -> (artifact id: '31b8a24c25ad0f4dbe2ccfbbdc55310a') in 0.012196 seconds 
  Import took 0.014283 seconds .

========================================================================
Received Import Request.
  Time since last request: 0.000137 seconds.
  path: Assets/Scenes/SampleScene/Lightmap-1_comp_dir.png
  artifactKey: Guid(8f0c19cdbd983c645840185fa70395a5) Importer(815301076,1909f56bfc062723c751e8b465ee728b)
Start importing Assets/Scenes/SampleScene/Lightmap-1_comp_dir.png using Guid(8f0c19cdbd983c645840185fa70395a5) Importer(815301076,1909f56bfc062723c751e8b465ee728b)  -> (artifact id: 'cac8315258ac55d27030b0bd2aa282fe') in 0.009113 seconds 
  Import took 0.010985 seconds .

========================================================================
Received Import Request.
  Time since last request: 0.000228 seconds.
  path: Assets/Scenes/SampleScene/Lightmap-2_comp_dir.png
  artifactKey: Guid(b6c2639c34055924fad9fab9adef3e2c) Importer(815301076,1909f56bfc062723c751e8b465ee728b)
Start importing Assets/Scenes/SampleScene/Lightmap-2_comp_dir.png using Guid(b6c2639c34055924fad9fab9adef3e2c) Importer(815301076,1909f56bfc062723c751e8b465ee728b)  -> (artifact id: 'd083f7f3b12a438d2ee16c1413ba0baf') in 0.009753 seconds 
  Import took 0.011622 seconds .

========================================================================
Received Import Request.
  Time since last request: 277.678654 seconds.
  path: Assets/New Lighting Settings.lighting
  artifactKey: Guid(9f76607cfba4a2142aee2c88d4003408) Importer(815301076,1909f56bfc062723c751e8b465ee728b)
Start importing Assets/New Lighting Settings.lighting using Guid(9f76607cfba4a2142aee2c88d4003408) Importer(815301076,1909f56bfc062723c751e8b465ee728b)  -> (artifact id: '810761a75b1263a6ec9af50623d1c8e3') in 0.007211 seconds 
  Import took 0.009485 seconds .

========================================================================
Received Import Request.
  Time since last request: 17.748981 seconds.
  path: Assets/Lighting1.lighting
  artifactKey: Guid(9f76607cfba4a2142aee2c88d4003408) Importer(815301076,1909f56bfc062723c751e8b465ee728b)
Start importing Assets/Lighting1.lighting using Guid(9f76607cfba4a2142aee2c88d4003408) Importer(815301076,1909f56bfc062723c751e8b465ee728b)  -> (artifact id: '0c8da2e832d0106be68d3db23d87aa0c') in 0.005827 seconds 
  Import took 0.008134 seconds .

========================================================================
Received Import Request.
  Time since last request: 468.671084 seconds.
  path: Assets/Scenes/SampleScene/LightingData.asset
  artifactKey: Guid(92ec6979dfedcf94c923c1db02b48dbf) Importer(815301076,1909f56bfc062723c751e8b465ee728b)
Start importing Assets/Scenes/SampleScene/LightingData.asset using Guid(92ec6979dfedcf94c923c1db02b48dbf) Importer(815301076,1909f56bfc062723c751e8b465ee728b)  -> (artifact id: 'd83f3c2d35663dc402b4d12163115263') in 0.002542 seconds 
  Import took 0.006762 seconds .

========================================================================
Received Import Request.
  Time since last request: 0.000211 seconds.
  path: Assets/Scenes/SampleScene/Lightmap-0_comp_dir.png
  artifactKey: Guid(10ab4ea05c26e9346b2dffa418235db3) Importer(815301076,1909f56bfc062723c751e8b465ee728b)
Start importing Assets/Scenes/SampleScene/Lightmap-0_comp_dir.png using Guid(10ab4ea05c26e9346b2dffa418235db3) Importer(815301076,1909f56bfc062723c751e8b465ee728b)  -> (artifact id: '013ca966018cb6518784bebe4e04328a') in 0.016669 seconds 
  Import took 0.019216 seconds .

========================================================================
Received Import Request.
  Time since last request: 0.000235 seconds.
  path: Assets/Scenes/SampleScene/Lightmap-1_comp_light.exr
  artifactKey: Guid(8e35fc3705d3218418427e66559d6422) Importer(815301076,1909f56bfc062723c751e8b465ee728b)
Start importing Assets/Scenes/SampleScene/Lightmap-1_comp_light.exr using Guid(8e35fc3705d3218418427e66559d6422) Importer(815301076,1909f56bfc062723c751e8b465ee728b)  -> (artifact id: '628038529910e7c410553cb3e6edeeba') in 0.022078 seconds 
  Import took 0.024216 seconds .

========================================================================
Received Import Request.
  Time since last request: 0.000181 seconds.
  path: Assets/Scenes/SampleScene/Lightmap-2_comp_light.exr
  artifactKey: Guid(20bc9be684deb3e42a09521f82af9551) Importer(815301076,1909f56bfc062723c751e8b465ee728b)
Start importing Assets/Scenes/SampleScene/Lightmap-2_comp_light.exr using Guid(20bc9be684deb3e42a09521f82af9551) Importer(815301076,1909f56bfc062723c751e8b465ee728b)  -> (artifact id: 'ed5667bae6fe25756eca93181f8eccc7') in 0.022807 seconds 
  Import took 0.025260 seconds .

========================================================================
Received Import Request.
  Time since last request: 0.000163 seconds.
  path: Assets/Scenes/SampleScene/Lightmap-0_comp_light.exr
  artifactKey: Guid(2d526c2309238dc42bb261847680d2c5) Importer(815301076,1909f56bfc062723c751e8b465ee728b)
Start importing Assets/Scenes/SampleScene/Lightmap-0_comp_light.exr using Guid(2d526c2309238dc42bb261847680d2c5) Importer(815301076,1909f56bfc062723c751e8b465ee728b)  -> (artifact id: '2ac0fdc5bfa17e90ebc14a3537344783') in 0.018552 seconds 
  Import took 0.020626 seconds .

========================================================================
Received Import Request.
  Time since last request: 0.000157 seconds.
  path: Assets/Scenes/SampleScene/Lightmap-1_comp_dir.png
  artifactKey: Guid(8f0c19cdbd983c645840185fa70395a5) Importer(815301076,1909f56bfc062723c751e8b465ee728b)
Start importing Assets/Scenes/SampleScene/Lightmap-1_comp_dir.png using Guid(8f0c19cdbd983c645840185fa70395a5) Importer(815301076,1909f56bfc062723c751e8b465ee728b)  -> (artifact id: '96165328919396cbf6cfbd380ab618f5') in 0.012146 seconds 
  Import took 0.014211 seconds .

========================================================================
Received Import Request.
  Time since last request: 0.000228 seconds.
  path: Assets/Scenes/SampleScene/Lightmap-2_comp_dir.png
  artifactKey: Guid(b6c2639c34055924fad9fab9adef3e2c) Importer(815301076,1909f56bfc062723c751e8b465ee728b)
Start importing Assets/Scenes/SampleScene/Lightmap-2_comp_dir.png using Guid(b6c2639c34055924fad9fab9adef3e2c) Importer(815301076,1909f56bfc062723c751e8b465ee728b)  -> (artifact id: 'c2fa9d6e8c9a5ff9af8e3a6ef18d41b9') in 0.013849 seconds 
  Import took 0.015934 seconds .

========================================================================
Received Import Request.
  Time since last request: 230.712142 seconds.
  path: Assets/Scenes/SampleScene/LightingData.asset
  artifactKey: Guid(92ec6979dfedcf94c923c1db02b48dbf) Importer(815301076,1909f56bfc062723c751e8b465ee728b)
Start importing Assets/Scenes/SampleScene/LightingData.asset using Guid(92ec6979dfedcf94c923c1db02b48dbf) Importer(815301076,1909f56bfc062723c751e8b465ee728b)  -> (artifact id: '86fd410e2972c45cfd1498c0f03d865c') in 0.004543 seconds 
  Import took 0.009331 seconds .

========================================================================
Received Import Request.
  Time since last request: 0.000487 seconds.
  path: Assets/Scenes/SampleScene/Lightmap-3_comp_light.exr
  artifactKey: Guid(010874897c38d7748978234c82a7b88d) Importer(815301076,1909f56bfc062723c751e8b465ee728b)
Start importing Assets/Scenes/SampleScene/Lightmap-3_comp_light.exr using Guid(010874897c38d7748978234c82a7b88d) Importer(815301076,1909f56bfc062723c751e8b465ee728b)  -> (artifact id: 'b539a73a83fb0d9ee72cb9a099643a2a') in 0.028901 seconds 
  Import took 0.036128 seconds .

========================================================================
Received Import Request.
  Time since last request: 0.000364 seconds.
  path: Assets/Scenes/SampleScene/Lightmap-0_comp_dir.png
  artifactKey: Guid(10ab4ea05c26e9346b2dffa418235db3) Importer(815301076,1909f56bfc062723c751e8b465ee728b)
Start importing Assets/Scenes/SampleScene/Lightmap-0_comp_dir.png using Guid(10ab4ea05c26e9346b2dffa418235db3) Importer(815301076,1909f56bfc062723c751e8b465ee728b)  -> (artifact id: '5dc5d8eaf67d60fb02ab989c65012d50') in 0.019854 seconds 
  Import took 0.024391 seconds .

========================================================================
Received Import Request.
  Time since last request: 0.000392 seconds.
  path: Assets/Scenes/SampleScene/Lightmap-1_comp_light.exr
  artifactKey: Guid(8e35fc3705d3218418427e66559d6422) Importer(815301076,1909f56bfc062723c751e8b465ee728b)
Start importing Assets/Scenes/SampleScene/Lightmap-1_comp_light.exr using Guid(8e35fc3705d3218418427e66559d6422) Importer(815301076,1909f56bfc062723c751e8b465ee728b)  -> (artifact id: '653348686cbab456997d03196ed58b29') in 0.021799 seconds 
  Import took 0.025709 seconds .

========================================================================
Received Import Request.
  Time since last request: 0.000230 seconds.
  path: Assets/Scenes/SampleScene/Lightmap-2_comp_light.exr
  artifactKey: Guid(20bc9be684deb3e42a09521f82af9551) Importer(815301076,1909f56bfc062723c751e8b465ee728b)
Start importing Assets/Scenes/SampleScene/Lightmap-2_comp_light.exr using Guid(20bc9be684deb3e42a09521f82af9551) Importer(815301076,1909f56bfc062723c751e8b465ee728b)  -> (artifact id: 'a0a4163166eb90294db5b98776bbd4ff') in 0.020422 seconds 
  Import took 0.023450 seconds .

========================================================================
Received Import Request.
  Time since last request: 0.000166 seconds.
  path: Assets/Scenes/SampleScene/Lightmap-3_comp_dir.png
  artifactKey: Guid(34dc5fc72faf872488ed918c427221a7) Importer(815301076,1909f56bfc062723c751e8b465ee728b)
Start importing Assets/Scenes/SampleScene/Lightmap-3_comp_dir.png using Guid(34dc5fc72faf872488ed918c427221a7) Importer(815301076,1909f56bfc062723c751e8b465ee728b)  -> (artifact id: '3055290f1914bcc15750c03e13be596a') in 0.012939 seconds 
  Import took 0.016097 seconds .

========================================================================
Received Import Request.
  Time since last request: 0.000707 seconds.
  path: Assets/Scenes/SampleScene/Lightmap-0_comp_light.exr
  artifactKey: Guid(2d526c2309238dc42bb261847680d2c5) Importer(815301076,1909f56bfc062723c751e8b465ee728b)
Start importing Assets/Scenes/SampleScene/Lightmap-0_comp_light.exr using Guid(2d526c2309238dc42bb261847680d2c5) Importer(815301076,1909f56bfc062723c751e8b465ee728b)  -> (artifact id: '42a95f89255b8bf78920bbc8d4609254') in 0.017765 seconds 
  Import took 0.020988 seconds .

========================================================================
Received Import Request.
  Time since last request: 0.000253 seconds.
  path: Assets/Scenes/SampleScene/Lightmap-1_comp_dir.png
  artifactKey: Guid(8f0c19cdbd983c645840185fa70395a5) Importer(815301076,1909f56bfc062723c751e8b465ee728b)
Start importing Assets/Scenes/SampleScene/Lightmap-1_comp_dir.png using Guid(8f0c19cdbd983c645840185fa70395a5) Importer(815301076,1909f56bfc062723c751e8b465ee728b)  -> (artifact id: 'cbe07d5c46b3045b8681a20fed2dae80') in 0.012518 seconds 
  Import took 0.014661 seconds .

========================================================================
Received Import Request.
  Time since last request: 0.000276 seconds.
  path: Assets/Scenes/SampleScene/Lightmap-2_comp_dir.png
  artifactKey: Guid(b6c2639c34055924fad9fab9adef3e2c) Importer(815301076,1909f56bfc062723c751e8b465ee728b)
Start importing Assets/Scenes/SampleScene/Lightmap-2_comp_dir.png using Guid(b6c2639c34055924fad9fab9adef3e2c) Importer(815301076,1909f56bfc062723c751e8b465ee728b)  -> (artifact id: 'ea6586b5219a0c942f0e5f73bb830d0e') in 0.013320 seconds 
  Import took 0.015454 seconds .

========================================================================
Received Prepare
Registering precompiled user dll's ...
Registered in 0.002509 seconds.
Begin MonoManager ReloadAssembly
Native extension for WindowsStandalone target not found
Native extension for WebGL target not found
Refreshing native plugins compatible for Editor in 0.31 ms, found 2 plugins.
Preloading 0 native plugins for Editor in 0.00 ms.
Mono: successfully reloaded assembly
- Completed reload, in  0.581 seconds
Domain Reload Profiling:
	ReloadAssembly (581ms)
		BeginReloadAssembly (74ms)
			ExecutionOrderSort (0ms)
			DisableScriptedObjects (3ms)
			BackupInstance (0ms)
			ReleaseScriptingObjects (0ms)
			CreateAndSetChildDomain (26ms)
		EndReloadAssembly (468ms)
			LoadAssemblies (51ms)
			RebuildTransferFunctionScriptingTraits (0ms)
			SetupTypeCache (167ms)
			ReleaseScriptCaches (1ms)
			RebuildScriptCaches (23ms)
			SetupLoadedEditorAssemblies (170ms)
				LogAssemblyErrors (0ms)
				InitializePlatformSupportModulesInManaged (3ms)
				SetLoadedEditorAssemblies (0ms)
				RefreshPlugins (0ms)
				BeforeProcessingInitializeOnLoad (46ms)
				ProcessInitializeOnLoadAttributes (111ms)
				ProcessInitializeOnLoadMethodAttributes (5ms)
				AfterProcessingInitializeOnLoad (4ms)
				EditorAssembliesLoaded (0ms)
			ExecutionOrderSort2 (0ms)
			AwakeInstancesAfterBackupRestoration (4ms)
Platform modules already initialized, skipping
Refreshing native plugins compatible for Editor in 0.26 ms, found 2 plugins.
Preloading 0 native plugins for Editor in 0.00 ms.
Unloading 1497 Unused Serialized files (Serialized files now loaded: 0)
System memory in use before: 71.5 MB.
System memory in use after: 71.6 MB.

Unloading 14 unused Assets to reduce memory usage. Loaded Objects now: 1988.
Total: 2.006900 ms (FindLiveObjects: 0.104000 ms CreateObjectMapping: 0.023700 ms MarkObjects: 1.863800 ms  DeleteObjects: 0.014800 ms)

AssetImportParameters requested are different than current active one (requested -> active):
  custom:framework-win-MediaFoundation: 216162199b28c13a410421893ffa2e32 -> 
  custom:video-decoder-ogg-theora: a1e56fd34408186e4bbccfd4996cb3dc -> 
  custom:container-muxer-webm: aa71ff27fc2769a1b78a27578f13a17b -> 
  custom:container-demuxer-webm: 4f35f7cbe854078d1ac9338744f61a02 -> 
  custom:container-demuxer-ogg: 62fdf1f143b41e24485cea50d1cbac27 -> 
  custom:video-encoder-webm-vp8: eb34c28f22e8b96e1ab97ce403110664 -> 
  custom:video-codec-MediaFoundation-h265: 746d11721c4dcdbdad8f713fa42b33f4 -> 
  custom:video-decoder-webm-vp8: 9c59270c3fd7afecdb556c50c9e8de78 -> 
  custom:audio-decoder-ogg-vorbis: bf7c407c2cedff20999df2af8eb42d56 -> 
  custom:audio-encoder-webm-vorbis: bf7c407c2cedff20999df2af8eb42d56 -> 
AssetImportWorkerClient::OnTransportError - code=2 error=End of file
